<?xml version="1.0" encoding="UTF-8"?>
<!-- Generated by org.testng.reporters.JUnitXMLReporter -->
<testsuite ignored="0" hostname="DESKTOP-L24NCKJ" failures="0" tests="3" name="Default test" time="33.842" errors="0" timestamp="18 Oct 2023 14:39:28 GMT">
  <testcase classname="com.testng.dataprovider.excel.Sample" name="TestLogin" time="12.618"/>
  <testcase classname="com.testng.dataprovider.excel.Sample" name="TestLogin" time="9.657"/>
  <testcase classname="com.testng.dataprovider.excel.Sample" name="TestLogin" time="10.315"/>
</testsuite> <!-- Default test -->
