<?xml version="1.0" encoding="UTF-8"?>
<testng-results ignored="0" total="4" passed="4" failed="0" skipped="0">
  <reporter-output>
  </reporter-output>
  <suite started-at="2023-10-19T00:19:10Z" name="Suite" finished-at="2023-10-19T00:19:27Z" duration-ms="16875">
    <groups>
    </groups>
    <test started-at="2023-10-19T00:19:10Z" name="Test" finished-at="2023-10-19T00:19:27Z" duration-ms="16875">
      <class name="com.testng.crossbrowser.parallel.ParallelTest">
        <test-method signature="adactinLoginWithInValidUserAndInValidPwd()[pri:0, instance:com.testng.crossbrowser.parallel.ParallelTest@29526c05]" started-at="2023-10-19T00:19:10Z" name="adactinLoginWithInValidUserAndInValidPwd" finished-at="2023-10-19T00:19:21Z" duration-ms="10317" status="PASS">
          <reporter-output>
          </reporter-output>
        </test-method> <!-- adactinLoginWithInValidUserAndInValidPwd -->
        <test-method signature="adactinLoginWithInValidUserAndValidPwd()[pri:0, instance:com.testng.crossbrowser.parallel.ParallelTest@29526c05]" started-at="2023-10-19T00:19:10Z" name="adactinLoginWithInValidUserAndValidPwd" finished-at="2023-10-19T00:19:20Z" duration-ms="9929" status="PASS">
          <reporter-output>
          </reporter-output>
        </test-method> <!-- adactinLoginWithInValidUserAndValidPwd -->
        <test-method signature="adactinLoginWithValidUserAndInValidPwd()[pri:0, instance:com.testng.crossbrowser.parallel.ParallelTest@29526c05]" started-at="2023-10-19T00:19:10Z" name="adactinLoginWithValidUserAndInValidPwd" finished-at="2023-10-19T00:19:21Z" duration-ms="10804" status="PASS">
          <reporter-output>
          </reporter-output>
        </test-method> <!-- adactinLoginWithValidUserAndInValidPwd -->
        <test-method signature="adactinLoginWithValidUserAndValidPwd()[pri:0, instance:com.testng.crossbrowser.parallel.ParallelTest@29526c05]" started-at="2023-10-19T00:19:20Z" name="adactinLoginWithValidUserAndValidPwd" finished-at="2023-10-19T00:19:27Z" duration-ms="6867" status="PASS">
          <reporter-output>
          </reporter-output>
        </test-method> <!-- adactinLoginWithValidUserAndValidPwd -->
      </class> <!-- com.testng.crossbrowser.parallel.ParallelTest -->
    </test> <!-- Test -->
  </suite> <!-- Suite -->
</testng-results>
